2024-11-07 01:50:38: Experiment log path in: /workspaces/ST-SSL/experiments/NYCBike1/20241107-015038
2024-11-07 01:50:38: Experiment configs are: Namespace(batch_size=32, best_path='None', d_input=2, d_model=64, d_output=2, data_dir='data', dataset='NYCBike1', debug=False, device='cpu', dropout=0.2, early_stop=True, early_stop_patience=15, epochs=100, grad_norm=True, graph_file='data/NYCBike1/adj_mx.npz', input_length=19, log_dir='/workspaces/ST-SSL/experiments/NYCBike1/20241107-015038', lr_init=0.001, max_grad_norm=5, mode='train', nmb_prototype=6, num_nodes=128, percent=0.1, seed=31, shm_temp=0.5, temp=4, test_batch_size=32, use_dwa=True, yita=0.6)
2024-11-07 01:53:34: *******Train Epoch 1: averaged Loss : 12.401819
2024-11-07 01:53:43: *******Val Epoch 1: averaged Loss : 10.006120
2024-11-07 01:53:43: **************Current best model saved to /workspaces/ST-SSL/experiments/NYCBike1/20241107-015038/best_model.pth
2024-11-07 01:56:39: *******Train Epoch 2: averaged Loss : 9.865834
2024-11-07 01:56:48: *******Val Epoch 2: averaged Loss : 8.966641
2024-11-07 01:56:48: **************Current best model saved to /workspaces/ST-SSL/experiments/NYCBike1/20241107-015038/best_model.pth
2024-11-07 01:59:44: *******Train Epoch 3: averaged Loss : 9.086681
2024-11-07 01:59:53: *******Val Epoch 3: averaged Loss : 8.297493
2024-11-07 01:59:53: **************Current best model saved to /workspaces/ST-SSL/experiments/NYCBike1/20241107-015038/best_model.pth
2024-11-07 02:02:48: *******Train Epoch 4: averaged Loss : 8.793871
2024-11-07 02:02:57: *******Val Epoch 4: averaged Loss : 8.274813
2024-11-07 02:02:57: **************Current best model saved to /workspaces/ST-SSL/experiments/NYCBike1/20241107-015038/best_model.pth
2024-11-07 02:05:53: *******Train Epoch 5: averaged Loss : 8.549453
2024-11-07 02:06:01: *******Val Epoch 5: averaged Loss : 8.140366
2024-11-07 02:06:01: **************Current best model saved to /workspaces/ST-SSL/experiments/NYCBike1/20241107-015038/best_model.pth
2024-11-07 02:08:57: *******Train Epoch 6: averaged Loss : 8.439082
2024-11-07 02:09:05: *******Val Epoch 6: averaged Loss : 8.007740
2024-11-07 02:09:05: **************Current best model saved to /workspaces/ST-SSL/experiments/NYCBike1/20241107-015038/best_model.pth
2024-11-07 02:12:00: *******Train Epoch 7: averaged Loss : 8.363710
2024-11-07 02:12:09: *******Val Epoch 7: averaged Loss : 7.634479
2024-11-07 02:12:09: **************Current best model saved to /workspaces/ST-SSL/experiments/NYCBike1/20241107-015038/best_model.pth
2024-11-07 02:15:04: *******Train Epoch 8: averaged Loss : 8.147721
2024-11-07 02:15:13: *******Val Epoch 8: averaged Loss : 7.664586
2024-11-07 02:18:09: *******Train Epoch 9: averaged Loss : 8.032199
2024-11-07 02:18:17: *******Val Epoch 9: averaged Loss : 8.054959
2024-11-07 02:21:13: *******Train Epoch 10: averaged Loss : 7.927432
2024-11-07 02:21:21: *******Val Epoch 10: averaged Loss : 7.464325
2024-11-07 02:21:21: **************Current best model saved to /workspaces/ST-SSL/experiments/NYCBike1/20241107-015038/best_model.pth
2024-11-07 02:24:17: *******Train Epoch 11: averaged Loss : 7.791698
2024-11-07 02:24:26: *******Val Epoch 11: averaged Loss : 7.368685
2024-11-07 02:24:26: **************Current best model saved to /workspaces/ST-SSL/experiments/NYCBike1/20241107-015038/best_model.pth
2024-11-07 02:27:21: *******Train Epoch 12: averaged Loss : 7.729252
2024-11-07 02:27:30: *******Val Epoch 12: averaged Loss : 7.313039
2024-11-07 02:27:30: **************Current best model saved to /workspaces/ST-SSL/experiments/NYCBike1/20241107-015038/best_model.pth
2024-11-07 02:30:24: *******Train Epoch 13: averaged Loss : 7.711843
2024-11-07 02:30:33: *******Val Epoch 13: averaged Loss : 7.220457
2024-11-07 02:30:33: **************Current best model saved to /workspaces/ST-SSL/experiments/NYCBike1/20241107-015038/best_model.pth
2024-11-07 02:32:10: Traceback (most recent call last):
  File "main.py", line 59, in model_supervisor
    results = trainer.train() # best_eval_loss, best_epoch
  File "/workspaces/ST-SSL/model/trainer.py", line 109, in train
    train_epoch_loss, loss_t = self.train_epoch(epoch, loss_weights)
  File "/workspaces/ST-SSL/model/trainer.py", line 60, in train_epoch
    loss.backward()
  File "/opt/conda/envs/py38/lib/python3.8/site-packages/torch/_tensor.py", line 307, in backward
    torch.autograd.backward(self, gradient, retain_graph, create_graph, inputs=inputs)
  File "/opt/conda/envs/py38/lib/python3.8/site-packages/torch/autograd/__init__.py", line 154, in backward
    Variable._execution_engine.run_backward(
KeyboardInterrupt

